<?xml version="1.0" encoding="UTF-8"?>
<!-- Generated by org.testng.reporters.JUnitXMLReporter -->
<testsuite ignored="0" hostname="ABHI" failures="0" tests="9" name="Test" time="3.271" errors="0" timestamp="2022-08-11T21:40:45 IST">
  <testcase classname="SeleniumPractice.TestAnnotations" name="test1" time="0.013"/>
  <testcase classname="SeleniumPractice.TestAnnotations" name="test2" time="0.003"/>
  <testcase classname="TestAnnotations.TestKeywords" name="test" time="0.004"/>
  <testcase classname="TestAnnotations.TestKeywords" name="test4" time="0.003"/>
  <testcase classname="TestAnnotations.TestKeywords" name="test2" time="0.003"/>
  <testcase classname="TestAnnotations.TestKeywords" name="test2" time="0.005"/>
  <testcase classname="TestAnnotations.TestKeywords" name="test1" time="3.019"/>
  <testcase classname="Automation.TestAnnotationOrder" name="test1" time="0.003"/>
  <testcase classname="Automation.TestAnnotationOrder" name="test2" time="0.002"/>
</testsuite> <!-- Test -->
